[16627, 32586, 13009, 8873, 14545, 7074, 11381, 30061, 19066, 22060]
下破
奥尼尔
容易
院校
飞船
前锋
周润发
价格
探测器
人才
制度
防毒
智力
组别
精品
剧情
市区
应届
这辆
扫描
邮政
视窗
乳腺
拿下
得分
片子
语言
系统
整理
核试验
爆炸
整顿
记者
癌症
均线
专项
日圆
同步
医生
永久
公寓
售出
地铁
屋局
个人
总分
地球
水电
光环
动作
洋房
暴力
一日
高校
人寿
体内
5000
陈杰
一辆
探测
之中
过长
昆汀
填报
公司
红魔
博思
无线
夺标
骨刺
分数
汇价
今日
干掉
课题
增长
开发
显示
共管
剧场
大气
阴茎
丰田
老板
彼得
学生
教练
改良
英语
口腔
屋价
着陆
生命
大王
高等学校
翁联辉
福利
死亡
车展
上半场
门将
导演
歌剧
短线
投资者
渲染
深圳
功能
病菌
审查
车身
文件
宝玉
比分
阴道
联赛
后卫
豪华车
忠诚度
厂长
居民
研究生
核武器
表现
见习
提取
商业银行
站稳
出游
分钟
房产
南京
护路
贷款
福塞特
车主
夺得
哺乳动物
工人
关节炎
主人
报考
兔子
神秘园
癌细胞
调低
人员
发展势头
概率
经典
经理
月球
一位
诺基亚
意义
欧元
小姐
吉祥
本季
再融资
桑普拉斯
金海
月薪
治疗
故事
舞台
景园
教育
患者
客场
话剧
基金
校服
球季
轨道交通
篮板
皮肤
英雄
汽油
赛季
客运车辆
决赛
俱乐部
发送
稿件
Skoda
售价
驾车
保险公司
嘉德置
蕃薯
日日
高考
城市
人事
利物浦
意甲
银行卡
公共
一间
球星
卡西尼
跌幅
235
战绩
新市区
金光
分值
自杀
Google
广东省
平行
危机
培训
进化
肿瘤
车龄
严重
进球
屋主
高薪
肉类
赫鲁晓夫
房地产
黑猩猩
乐队
学科
演员
入党
机动车
内容
技能
飞行
成交价
球场
电视剧
网站
沙龙
太空
节目
厂商
投标
运动
英国
连锁店
平均
面积
第二季
那个
近视
肌肉
教育部
乔丹
利率
比尔
互联网
封闭式
大学
感染
大纲
建筑师
回扣
防火门
按揭
证成价
报名
住屋
路面
企业
Kalos
发展局
跳槽
三房
疼痛
演出
省级
简历
路口
巴塞罗那
年龄
水皮
行业
症状
高程
球员
投篮
曼联
交配
下降
美国
提名
歌手
接受
新加坡
限定
不过
通信
位于
登陆
Park
检测
流通
平方公尺
疫苗
地契
引起
机会
切除
戏剧节
估价
视像
经济
1964
雅虎
演化
顾客
电邮
转售
春景
细菌
巡回演唱
两队
注射
发展商
中国通
卫星
监管
三菱
猎头
中场
一季度
中等教育
火星
市场
公升
影片
学习
驾驶
居功自傲
林业局
香港
配套
部门
动物
波动
要求
毕业生
职场
中锋
医学
多项
妇女
车商
科研
播放器
胡晓炼
嗅觉
上破
保险资金
工程
拍摄
季后赛
研制
馄饨
交通
科学
努哥
福金
勃起
望远镜
预防
买车
地段
溃疡
上海
店铺
这部
聚焦
近亲
健康
增发
民营企业
头晕
剧中
21
豪宅
地铁站
观众
大约
接种
人民网
表演
能力
Murcielago
尤文图斯
演唱会
我爱你
取得
年率
宽带
不得
有点
王哲翔
如花
党组织
同学
MP3
乐龄
课文
亿美元
交通事故
击败
星球
轿车
忠诚
学校
失业
惠更斯
76
网上
乘客
球迷
3G
Octavia
微软
水银
IE
专业
产品
建屋局
教师
写作
之上
队友
球队
重建
引擎
十二
阿波罗
对垒
受访者
防火
编剧
卡路里
手术
医院
罚球
科学家
结构
自主
资费
大型
调查
房屋
男性
性生活
病人
这场
称之为
食物
证券
男生
怒江
胚胎
香河
蓝牙
QQ
技术
报销
纳米
RS
统考成绩
万辆
糖尿病
黑蛇
主演
翻新
胃溃疡
保险套
幽门
周线
薪酬
候选人
猎手
受压
电视
光碟
资深
皇马
述情
资金
人民币
领队
前天
公共交通
台词
买家
软件
情感
电脑
冲日
肥胖
慢性
上阵
停车
自己
观测
公会
音乐
排练
服务
导师
轮胎
麦当娜
压力
搜索
网页
流失率
法拉利
登月
中小学
病毒
南开大学
患有
吸烟
万亩
西门子
探索
哥们
技术指标
毛泽东
交易量
反弹
蓝宝
主场
银行
纽卡斯尔
分析
术科
基尼
宏茂桥
好莱坞
飞机
学院
组屋
考场
程枫
人数
发现
收藏
电信
大宇
娜拉
面试
央行
长虹
招标
比赛
会长
HR
Windows
桃花
封转开
奥斯卡
参加
违法行为
II
土星
汇率
全流通
应聘者
消费者
化妆品
人力资源部
黑客帝国
电话
北京
黑客
东莞
弗格森
选手
酒店
MPV
泰坦
河北
廉价
姚明
领先
作品
震荡
票房
珠穆朗玛峰
车辆
业务
基因
客厅
第四季
专辑
都市
身体
广西
外管局
短中线
阳痿
人类
螺旋形
纸浆厂
南极
广州
规定
劳动力
浆纸
英格兰
张艺谋
风险
四川长虹
局长
金领
咳嗽
全国
剧院
布莱恩特
该队
饰演
招聘会
车子
题材
包茎
私宅
电子
电子邮件
四六级
成价
职业
交易
中行
周末
炮兵
篮板球
沟通
激励
长宽
高端
研发
戴尔
名车
离职
疗法
理解
后座
足总杯
汽车展
戏曲
建屋
英特尔
道路交通
中国
药物
目前
房式
考试
项目
今年
海底
NBA
QFII
网络
特写
疾病
程式
沙发
iPod
职工
核工业
马力
改编
设备
花园
太阳系
永泰
薪资
中国队
岗位
经验
贝克汉姆
卡特
人生
英超
购买
干部
苹果
大脑
一部
本赛季
旅客
阵容
行驶
投档
意识
报道
戏剧
订单
前列腺癌
入市
外汇
客运
马绍尔
检修
对手
汽电车
吴宇森
艾滋病
西岸
检验
私家车
员工
电信业
饮食
共有
肝炎
人物
膝关节
火箭队
人力
实力
第一季
队伍
致癌
Linux
总署
上场
纸浆
骗局
Grandis
创作
投资
航天员
微软公司
包皮
邹敬
使用
券商
下跌
识记
病情
打败
天龙八部
水平
别的
布莱克本
帕金森症
2004
新力
分数线
买主
招生
澄迈县
代理商
爱立信
盘升
录取
澳洲
本网
住宅
子宫
IBM
拥车
里尼奥
爱情
The
单位
平方英尺
竞争对手
老年痴呆症
公交车
移动
04
变革
切尔西
海南省
管理
领导者
防守
林业
提供
一季
好看
支撑
城轨
首发
汉莎
教材
道路
万元
演绎
静电
运营
手机
私人
分析员
帕瓦罗蒂
虎威
发展
SK
谈话
原子弹
细胞
冰雪
新车
用户
人力资源
场面
试卷
Estima
重仓股
几率
股市
户口
驾驶员
人体
女人
患上
之下
估价师
工作
蠕虫
居住
介于
卖出
家具
芯片
宝洁
电脑病毒
推出
资源管理
科技
从事
冠军
向空
半决赛
Getz
候补
运营商
关节
增值
土卫六
歌迷
价值
夜校
牌照
竞争
提拔
冰冻
种植
惠普
操作系统
型号
拥车证
志愿
风格
附件
志愿者
熊猫
趋稳
分界线
公交
湖人队
研究
试验
刘翔
Colt
口疮
他们
造林
全球
招聘
多媒体
省市
通用
干细胞
下载
百日咳
表面
题型
退化
该剧
论坛
游戏
打印机
青年
公路
种子
建筑
全剧
管理者
内地
语文
朋友
考生
心脏
出口
艺术
预期
保险金
小组
文中
犀利
外企
有望
大学生
就是
货车
教授
攻击
填空题
较大
交通秩序
最后
跑车
剧目
公寓式
汽车
此类
马刺队
软骨
人才中介
统一
子女
电影
司机
取消
海南
